<?xml version="1.0" encoding="UTF-8"?>
<!-- Generated by org.testng.reporters.JUnitReportReporter -->
<testsuite hostname="CHARLESANTHONY" failures="0" tests="1" name="TestNg_group.Sample2" time="0.013" errors="0" timestamp="2023-08-14T16:25:06 IST" skipped="0">
  <testcase classname="TestNg_group.Sample2" name="demo4" time="0.013"/>
  <system-out/>
</testsuite> <!-- TestNg_group.Sample2 -->
