<?xml version="1.0" encoding="UTF-8"?>
<!-- Generated by org.testng.reporters.JUnitReportReporter -->
<testsuite hostname="CHARLESANTHONY" failures="0" tests="1" name="TestNg_Parallel.Amazon_Distibutor" time="22.720" errors="0" timestamp="2023-08-12T16:40:59 IST" skipped="0">
  <testcase classname="TestNg_Parallel.Amazon_Distibutor" name="Amazon" time="22.720"/>
  <system-out/>
</testsuite> <!-- TestNg_Parallel.Amazon_Distibutor -->
