<?xml version="1.0" encoding="UTF-8"?>
<!-- Generated by org.testng.reporters.JUnitReportReporter -->
<testsuite hostname="CHARLESANTHONY" failures="0" tests="1" name="TestNg_Parallel.Facebook_Distibutor" time="8.279" errors="0" timestamp="2023-08-12T16:40:59 IST" skipped="0">
  <testcase classname="TestNg_Parallel.Facebook_Distibutor" name="facebook" time="8.279"/>
  <system-out/>
</testsuite> <!-- TestNg_Parallel.Facebook_Distibutor -->
