<?xml version="1.0" encoding="UTF-8"?>
<!-- Generated by org.testng.reporters.JUnitReportReporter -->
<testsuite hostname="CHARLESANTHONY" failures="0" tests="6" name="Testng.priority" time="0.017" errors="0" timestamp="2023-08-11T17:49:14 IST" skipped="1">
  <testcase classname="Testng.priority" name="demo2" time="0.010"/>
  <system-out/>
  <testcase classname="Testng.priority" name="demo2" time="0.002"/>
  <system-out/>
  <testcase classname="Testng.priority" name="demo2" time="0.002"/>
  <system-out/>
  <testcase classname="Testng.priority" name="demo2" time="0.001"/>
  <system-out/>
  <testcase classname="Testng.priority" name="demo2" time="0.002"/>
  <system-out/>
  <testcase classname="Testng.priority" name="demo">
    <skipped/>
  </testcase> <!-- demo -->
  <system-out/>
</testsuite> <!-- Testng.priority -->
