<?xml version="1.0" encoding="UTF-8"?>
<!-- Generated by org.testng.reporters.JUnitReportReporter -->
<testsuite hostname="CHARLESANTHONY" failures="0" tests="1" name="failedtestNg_cases.Facebook_Distibutor" time="5.353" errors="0" timestamp="2023-08-12T17:45:19 IST" skipped="0">
  <testcase classname="failedtestNg_cases.Facebook_Distibutor" name="facebook" time="5.353"/>
  <system-out/>
</testsuite> <!-- failedtestNg_cases.Facebook_Distibutor -->
