<?xml version="1.0" encoding="UTF-8"?>
<!-- Generated by org.testng.reporters.JUnitReportReporter -->
<testsuite hostname="CHARLESANTHONY" failures="0" tests="2" name="TestNg_Parallel.cross_browser" time="29.741" errors="0" timestamp="2023-08-12T17:08:12 IST" skipped="0">
  <testcase classname="TestNg_Parallel.cross_browser" name="Amazon" time="23.095"/>
  <system-out/>
  <testcase classname="TestNg_Parallel.cross_browser" name="Amazon" time="6.646"/>
  <system-out/>
</testsuite> <!-- TestNg_Parallel.cross_browser -->
