<?xml version="1.0" encoding="UTF-8"?>
<!-- Generated by org.testng.reporters.JUnitReportReporter -->
<testsuite hostname="CHARLESANTHONY" failures="0" tests="2" name="Testng.invocation" time="0.002" errors="0" timestamp="2023-08-11T17:49:14 IST" skipped="0">
  <testcase classname="Testng.invocation" name="demo3" time="0.001"/>
  <system-out/>
  <testcase classname="Testng.invocation" name="demo2" time="0.001"/>
  <system-out/>
</testsuite> <!-- Testng.invocation -->
